This is pdfTeX, Version 3.141592653-2.6-1.40.23 (TeX Live 2022/dev) (preloaded format=pdflatex 2021.9.22)  13 OCT 2021 10:32
entering extended mode
 restricted \write18 enabled.
 %&-line parsing enabled.
**notebook_allcode.tex
(./notebook_allcode.tex
LaTeX2e <2021-06-01> patch level 1
L3 programming layer <2021-08-27> (/Users/sweston2/Library/TinyTeX/texmf-dist/t
ex/latex/base/article.cls
Document Class: article 2021/02/12 v1.4n Standard LaTeX document class
(/Users/sweston2/Library/TinyTeX/texmf-dist/tex/latex/base/size10.clo
File: size10.clo 2021/02/12 v1.4n Standard LaTeX file (size option)
)
\c@part=\count182
\c@section=\count183
\c@subsection=\count184
\c@subsubsection=\count185
\c@paragraph=\count186
\c@subparagraph=\count187
\c@figure=\count188
\c@table=\count189
\abovecaptionskip=\skip47
\belowcaptionskip=\skip48
\bibindent=\dimen138
) (/Users/sweston2/Library/TinyTeX/texmf-dist/tex/latex/lm/lmodern.sty
Package: lmodern 2015/05/01 v1.6.1 Latin Modern Fonts
LaTeX Font Info:    Overwriting symbol font `operators' in version `normal'
(Font)                  OT1/cmr/m/n --> OT1/lmr/m/n on input line 22.
LaTeX Font Info:    Overwriting symbol font `letters' in version `normal'
(Font)                  OML/cmm/m/it --> OML/lmm/m/it on input line 23.
LaTeX Font Info:    Overwriting symbol font `symbols' in version `normal'
(Font)                  OMS/cmsy/m/n --> OMS/lmsy/m/n on input line 24.
LaTeX Font Info:    Overwriting symbol font `largesymbols' in version `normal'
(Font)                  OMX/cmex/m/n --> OMX/lmex/m/n on input line 25.
LaTeX Font Info:    Overwriting symbol font `operators' in version `bold'
(Font)                  OT1/cmr/bx/n --> OT1/lmr/bx/n on input line 26.
LaTeX Font Info:    Overwriting symbol font `letters' in version `bold'
(Font)                  OML/cmm/b/it --> OML/lmm/b/it on input line 27.
LaTeX Font Info:    Overwriting symbol font `symbols' in version `bold'
(Font)                  OMS/cmsy/b/n --> OMS/lmsy/b/n on input line 28.
LaTeX Font Info:    Overwriting symbol font `largesymbols' in version `bold'
(Font)                  OMX/cmex/m/n --> OMX/lmex/m/n on input line 29.
LaTeX Font Info:    Overwriting math alphabet `\mathbf' in version `normal'
(Font)                  OT1/cmr/bx/n --> OT1/lmr/bx/n on input line 31.
LaTeX Font Info:    Overwriting math alphabet `\mathsf' in version `normal'
(Font)                  OT1/cmss/m/n --> OT1/lmss/m/n on input line 32.
LaTeX Font Info:    Overwriting math alphabet `\mathit' in version `normal'
(Font)                  OT1/cmr/m/it --> OT1/lmr/m/it on input line 33.
LaTeX Font Info:    Overwriting math alphabet `\mathtt' in version `normal'
(Font)                  OT1/cmtt/m/n --> OT1/lmtt/m/n on input line 34.
LaTeX Font Info:    Overwriting math alphabet `\mathbf' in version `bold'
(Font)                  OT1/cmr/bx/n --> OT1/lmr/bx/n on input line 35.
LaTeX Font Info:    Overwriting math alphabet `\mathsf' in version `bold'
(Font)                  OT1/cmss/bx/n --> OT1/lmss/bx/n on input line 36.
LaTeX Font Info:    Overwriting math alphabet `\mathit' in version `bold'
(Font)                  OT1/cmr/bx/it --> OT1/lmr/bx/it on input line 37.
LaTeX Font Info:    Overwriting math alphabet `\mathtt' in version `bold'
(Font)                  OT1/cmtt/m/n --> OT1/lmtt/m/n on input line 38.
) (/Users/sweston2/Library/TinyTeX/texmf-dist/tex/latex/amsmath/amsmath.sty
Package: amsmath 2021/04/20 v2.17j AMS math features
\@mathmargin=\skip49
For additional information on amsmath, use the `?' option.
(/Users/sweston2/Library/TinyTeX/texmf-dist/tex/latex/amsmath/amstext.sty
Package: amstext 2000/06/29 v2.01 AMS text
(/Users/sweston2/Library/TinyTeX/texmf-dist/tex/latex/amsmath/amsgen.sty
File: amsgen.sty 1999/11/30 v2.0 generic functions
\@emptytoks=\toks16
\ex@=\dimen139
)) (/Users/sweston2/Library/TinyTeX/texmf-dist/tex/latex/amsmath/amsbsy.sty
Package: amsbsy 1999/11/29 v1.2d Bold Symbols
\pmbraise@=\dimen140
) (/Users/sweston2/Library/TinyTeX/texmf-dist/tex/latex/amsmath/amsopn.sty
Package: amsopn 2016/03/08 v2.02 operator names
)
\inf@bad=\count190
LaTeX Info: Redefining \frac on input line 234.
\uproot@=\count191
\leftroot@=\count192
LaTeX Info: Redefining \overline on input line 399.
\classnum@=\count193
\DOTSCASE@=\count194
LaTeX Info: Redefining \ldots on input line 496.
LaTeX Info: Redefining \dots on input line 499.
LaTeX Info: Redefining \cdots on input line 620.
\Mathstrutbox@=\box50
\strutbox@=\box51
\big@size=\dimen141
LaTeX Font Info:    Redeclaring font encoding OML on input line 743.
LaTeX Font Info:    Redeclaring font encoding OMS on input line 744.
\macc@depth=\count195
\c@MaxMatrixCols=\count196
\dotsspace@=\muskip16
\c@parentequation=\count197
\dspbrk@lvl=\count198
\tag@help=\toks17
\row@=\count199
\column@=\count266
\maxfields@=\count267
\andhelp@=\toks18
\eqnshift@=\dimen142
\alignsep@=\dimen143
\tagshift@=\dimen144
\tagwidth@=\dimen145
\totwidth@=\dimen146
\lineht@=\dimen147
\@envbody=\toks19
\multlinegap=\skip50
\multlinetaggap=\skip51
\mathdisplay@stack=\toks20
LaTeX Info: Redefining \[ on input line 2923.
LaTeX Info: Redefining \] on input line 2924.
) (/Users/sweston2/Library/TinyTeX/texmf-dist/tex/generic/iftex/ifxetex.sty
Package: ifxetex 2019/10/25 v0.7 ifxetex legacy package. Use iftex instead.
(/Users/sweston2/Library/TinyTeX/texmf-dist/tex/generic/iftex/iftex.sty
Package: iftex 2020/03/06 v1.0d TeX engine tests
)) (/Users/sweston2/Library/TinyTeX/texmf-dist/tex/generic/iftex/ifluatex.sty
Package: ifluatex 2019/10/25 v1.5 ifluatex legacy package. Use iftex instead.
) (/Users/sweston2/Library/TinyTeX/texmf-dist/tex/latex/base/fontenc.sty
Package: fontenc 2021/04/29 v2.0v Standard LaTeX package
LaTeX Font Info:    Trying to load font information for T1+lmr on input line 11
2.
(/Users/sweston2/Library/TinyTeX/texmf-dist/tex/latex/lm/t1lmr.fd
File: t1lmr.fd 2015/05/01 v1.6.1 Font defs for Latin Modern
)) (/Users/sweston2/Library/TinyTeX/texmf-dist/tex/latex/base/inputenc.sty
Package: inputenc 2021/02/14 v1.3d Input encoding file
\inpenc@prehook=\toks21
\inpenc@posthook=\toks22
) (/Users/sweston2/Library/TinyTeX/texmf-dist/tex/latex/base/textcomp.sty
Package: textcomp 2020/02/02 v2.0n Standard LaTeX package
) (/Users/sweston2/Library/TinyTeX/texmf-dist/tex/latex/amsfonts/amssymb.sty
Package: amssymb 2013/01/14 v3.01 AMS font symbols
(/Users/sweston2/Library/TinyTeX/texmf-dist/tex/latex/amsfonts/amsfonts.sty
Package: amsfonts 2013/01/14 v3.01 Basic AMSFonts support
\symAMSa=\mathgroup4
\symAMSb=\mathgroup5
LaTeX Font Info:    Redeclaring math symbol \hbar on input line 98.
LaTeX Font Info:    Overwriting math alphabet `\mathfrak' in version `bold'
(Font)                  U/euf/m/n --> U/euf/b/n on input line 106.
)) (/Users/sweston2/Library/TinyTeX/texmf-dist/tex/latex/xcolor/xcolor.sty
Package: xcolor 2016/05/11 v2.12 LaTeX color extensions (UK)
(/Users/sweston2/Library/TinyTeX/texmf-dist/tex/latex/graphics-cfg/color.cfg
File: color.cfg 2016/01/02 v1.6 sample color configuration
)
Package xcolor Info: Driver file: pdftex.def on input line 225.
(/Users/sweston2/Library/TinyTeX/texmf-dist/tex/latex/graphics-def/pdftex.def
File: pdftex.def 2020/10/05 v1.2a Graphics/color driver for pdftex
)
Package xcolor Info: Model `cmy' substituted by `cmy0' on input line 1348.
Package xcolor Info: Model `hsb' substituted by `rgb' on input line 1352.
Package xcolor Info: Model `RGB' extended on input line 1364.
Package xcolor Info: Model `HTML' substituted by `rgb' on input line 1366.
Package xcolor Info: Model `Hsb' substituted by `hsb' on input line 1367.
Package xcolor Info: Model `tHsb' substituted by `hsb' on input line 1368.
Package xcolor Info: Model `HSB' substituted by `hsb' on input line 1369.
Package xcolor Info: Model `Gray' substituted by `gray' on input line 1370.
Package xcolor Info: Model `wave' substituted by `hsb' on input line 1371.
) (/Users/sweston2/Library/TinyTeX/texmf-dist/tex/latex/hyperref/hyperref.sty
Package: hyperref 2021-06-07 v7.00m Hypertext links for LaTeX
(/Users/sweston2/Library/TinyTeX/texmf-dist/tex/generic/ltxcmds/ltxcmds.sty
Package: ltxcmds 2020-05-10 v1.25 LaTeX kernel commands for general use (HO)
)
(/Users/sweston2/Library/TinyTeX/texmf-dist/tex/generic/pdftexcmds/pdftexcmds.s
ty
Package: pdftexcmds 2020-06-27 v0.33 Utility functions of pdfTeX for LuaTeX (HO
)

(/Users/sweston2/Library/TinyTeX/texmf-dist/tex/generic/infwarerr/infwarerr.sty
Package: infwarerr 2019/12/03 v1.5 Providing info/warning/error messages (HO)
)
Package pdftexcmds Info: \pdf@primitive is available.
Package pdftexcmds Info: \pdf@ifprimitive is available.
Package pdftexcmds Info: \pdfdraftmode found.
) (/Users/sweston2/Library/TinyTeX/texmf-dist/tex/latex/graphics/keyval.sty
Package: keyval 2014/10/28 v1.15 key=value parser (DPC)
\KV@toks@=\toks23
)
(/Users/sweston2/Library/TinyTeX/texmf-dist/tex/generic/kvsetkeys/kvsetkeys.sty
Package: kvsetkeys 2019/12/15 v1.18 Key value parser (HO)
)
(/Users/sweston2/Library/TinyTeX/texmf-dist/tex/generic/kvdefinekeys/kvdefineke
ys.sty
Package: kvdefinekeys 2019-12-19 v1.6 Define keys (HO)
)
(/Users/sweston2/Library/TinyTeX/texmf-dist/tex/generic/pdfescape/pdfescape.sty
Package: pdfescape 2019/12/09 v1.15 Implements pdfTeX's escape features (HO)
) (/Users/sweston2/Library/TinyTeX/texmf-dist/tex/latex/hycolor/hycolor.sty
Package: hycolor 2020-01-27 v1.10 Color options for hyperref/bookmark (HO)
)
(/Users/sweston2/Library/TinyTeX/texmf-dist/tex/latex/letltxmacro/letltxmacro.s
ty
Package: letltxmacro 2019/12/03 v1.6 Let assignment for LaTeX macros (HO)
) (/Users/sweston2/Library/TinyTeX/texmf-dist/tex/latex/auxhook/auxhook.sty
Package: auxhook 2019-12-17 v1.6 Hooks for auxiliary files (HO)
) (/Users/sweston2/Library/TinyTeX/texmf-dist/tex/latex/kvoptions/kvoptions.sty
Package: kvoptions 2020-10-07 v3.14 Key value format for package options (HO)
)
\@linkdim=\dimen148
\Hy@linkcounter=\count268
\Hy@pagecounter=\count269
(/Users/sweston2/Library/TinyTeX/texmf-dist/tex/latex/hyperref/pd1enc.def
File: pd1enc.def 2021-06-07 v7.00m Hyperref: PDFDocEncoding definition (HO)
Now handling font encoding PD1 ...
... no UTF-8 mapping file for font encoding PD1
)
(/Users/sweston2/Library/TinyTeX/texmf-dist/tex/latex/hyperref/hyperref-langpat
ches.def
File: hyperref-langpatches.def 2021-06-07 v7.00m Hyperref: patches for babel la
nguages
) (/Users/sweston2/Library/TinyTeX/texmf-dist/tex/generic/intcalc/intcalc.sty
Package: intcalc 2019/12/15 v1.3 Expandable calculations with integers (HO)
) (/Users/sweston2/Library/TinyTeX/texmf-dist/tex/generic/etexcmds/etexcmds.sty
Package: etexcmds 2019/12/15 v1.7 Avoid name clashes with e-TeX commands (HO)
)
\Hy@SavedSpaceFactor=\count270
(/Users/sweston2/Library/TinyTeX/texmf-dist/tex/latex/hyperref/puenc.def
File: puenc.def 2021-06-07 v7.00m Hyperref: PDF Unicode definition (HO)
Now handling font encoding PU ...
... no UTF-8 mapping file for font encoding PU
)
Package hyperref Info: Option `unicode' set `true' on input line 4073.
Package hyperref Info: Hyper figures OFF on input line 4192.
Package hyperref Info: Link nesting OFF on input line 4197.
Package hyperref Info: Hyper index ON on input line 4200.
Package hyperref Info: Plain pages OFF on input line 4207.
Package hyperref Info: Backreferencing OFF on input line 4212.
Package hyperref Info: Implicit mode ON; LaTeX internals redefined.
Package hyperref Info: Bookmarks ON on input line 4445.
\c@Hy@tempcnt=\count271
(/Users/sweston2/Library/TinyTeX/texmf-dist/tex/latex/url/url.sty
\Urlmuskip=\muskip17
Package: url 2013/09/16  ver 3.4  Verb mode for urls, etc.
)
LaTeX Info: Redefining \url on input line 4804.
\XeTeXLinkMargin=\dimen149
(/Users/sweston2/Library/TinyTeX/texmf-dist/tex/generic/bitset/bitset.sty
Package: bitset 2019/12/09 v1.3 Handle bit-vector datatype (HO)

(/Users/sweston2/Library/TinyTeX/texmf-dist/tex/generic/bigintcalc/bigintcalc.s
ty
Package: bigintcalc 2019/12/15 v1.5 Expandable calculations on big integers (HO
)
))
\Fld@menulength=\count272
\Field@Width=\dimen150
\Fld@charsize=\dimen151
Package hyperref Info: Hyper figures OFF on input line 6076.
Package hyperref Info: Link nesting OFF on input line 6081.
Package hyperref Info: Hyper index ON on input line 6084.
Package hyperref Info: backreferencing OFF on input line 6091.
Package hyperref Info: Link coloring OFF on input line 6096.
Package hyperref Info: Link coloring with OCG OFF on input line 6101.
Package hyperref Info: PDF/A mode OFF on input line 6106.
LaTeX Info: Redefining \ref on input line 6146.
LaTeX Info: Redefining \pageref on input line 6150.
(/Users/sweston2/Library/TinyTeX/texmf-dist/tex/latex/base/atbegshi-ltx.sty
Package: atbegshi-ltx 2021/01/10 v1.0c Emulation of the original atbegshi
package with kernel methods
)
\Hy@abspage=\count273
\c@Item=\count274
\c@Hfootnote=\count275
)
Package hyperref Info: Driver (autodetected): hpdftex.
(/Users/sweston2/Library/TinyTeX/texmf-dist/tex/latex/hyperref/hpdftex.def
File: hpdftex.def 2021-06-07 v7.00m Hyperref driver for pdfTeX
(/Users/sweston2/Library/TinyTeX/texmf-dist/tex/latex/base/atveryend-ltx.sty
Package: atveryend-ltx 2020/08/19 v1.0a Emulation of the original atvery packag
e
with kernel methods
)
\Fld@listcount=\count276
\c@bookmark@seq@number=\count277

(/Users/sweston2/Library/TinyTeX/texmf-dist/tex/latex/rerunfilecheck/rerunfilec
heck.sty
Package: rerunfilecheck 2019/12/05 v1.9 Rerun checks for auxiliary files (HO)

(/Users/sweston2/Library/TinyTeX/texmf-dist/tex/generic/uniquecounter/uniquecou
nter.sty
Package: uniquecounter 2019/12/15 v1.4 Provide unlimited unique counter (HO)
)
Package uniquecounter Info: New unique counter `rerunfilecheck' on input line 2
86.
)
\Hy@SectionHShift=\skip52
) (/Users/sweston2/Library/TinyTeX/texmf-dist/tex/latex/geometry/geometry.sty
Package: geometry 2020/01/02 v5.9 Page Geometry
(/Users/sweston2/Library/TinyTeX/texmf-dist/tex/generic/iftex/ifvtex.sty
Package: ifvtex 2019/10/25 v1.7 ifvtex legacy package. Use iftex instead.
)
\Gm@cnth=\count278
\Gm@cntv=\count279
\c@Gm@tempcnt=\count280
\Gm@bindingoffset=\dimen152
\Gm@wd@mp=\dimen153
\Gm@odd@mp=\dimen154
\Gm@even@mp=\dimen155
\Gm@layoutwidth=\dimen156
\Gm@layoutheight=\dimen157
\Gm@layouthoffset=\dimen158
\Gm@layoutvoffset=\dimen159
\Gm@dimlist=\toks24
) (/Users/sweston2/Library/TinyTeX/texmf-dist/tex/latex/fancyvrb/fancyvrb.sty
Package: fancyvrb 2021/08/12 v3.8 verbatim text (tvz,hv)
\FV@CodeLineNo=\count281
\FV@InFile=\read2
\FV@TabBox=\box52
\c@FancyVerbLine=\count282
\FV@StepNumber=\count283
\FV@OutFile=\write3
) (/Users/sweston2/Library/TinyTeX/texmf-dist/tex/latex/framed/framed.sty
Package: framed 2011/10/22 v 0.96: framed or shaded text with page breaks
\OuterFrameSep=\skip53
\fb@frw=\dimen160
\fb@frh=\dimen161
\FrameRule=\dimen162
\FrameSep=\dimen163
) (/Users/sweston2/Library/TinyTeX/texmf-dist/tex/latex/tools/longtable.sty
Package: longtable 2021-05-07 v4.16 Multi-page Table package (DPC)
\LTleft=\skip54
\LTright=\skip55
\LTpre=\skip56
\LTpost=\skip57
\LTchunksize=\count284
\LTcapwidth=\dimen164
\LT@head=\box53
\LT@firsthead=\box54
\LT@foot=\box55
\LT@lastfoot=\box56
\LT@gbox=\box57
\LT@cols=\count285
\LT@rows=\count286
\c@LT@tables=\count287
\c@LT@chunks=\count288
\LT@p@ftn=\toks25
) (/Users/sweston2/Library/TinyTeX/texmf-dist/tex/latex/booktabs/booktabs.sty
Package: booktabs 2020/01/12 v1.61803398 Publication quality tables
\heavyrulewidth=\dimen165
\lightrulewidth=\dimen166
\cmidrulewidth=\dimen167
\belowrulesep=\dimen168
\belowbottomsep=\dimen169
\aboverulesep=\dimen170
\abovetopsep=\dimen171
\cmidrulesep=\dimen172
\cmidrulekern=\dimen173
\defaultaddspace=\dimen174
\@cmidla=\count289
\@cmidlb=\count290
\@aboverulesep=\dimen175
\@belowrulesep=\dimen176
\@thisruleclass=\count291
\@lastruleclass=\count292
\@thisrulewidth=\dimen177
) (/Users/sweston2/Library/TinyTeX/texmf-dist/tex/latex/tools/calc.sty
Package: calc 2017/05/25 v4.3 Infix arithmetic (KKT,FJ)
\calc@Acount=\count293
\calc@Bcount=\count294
\calc@Adimen=\dimen178
\calc@Bdimen=\dimen179
\calc@Askip=\skip58
\calc@Bskip=\skip59
LaTeX Info: Redefining \setlength on input line 80.
LaTeX Info: Redefining \addtolength on input line 81.
\calc@Ccount=\count295
\calc@Cskip=\skip60
) (/Users/sweston2/Library/TinyTeX/texmf-dist/tex/latex/etoolbox/etoolbox.sty
Package: etoolbox 2020/10/05 v2.5k e-TeX tools for LaTeX (JAW)
\etb@tempcnta=\count296
) (/Users/sweston2/Library/TinyTeX/texmf-dist/tex/latex/mdwtools/footnote.sty
Package: footnote 1997/01/28 1.13 Save footnotes around boxes
\fn@notes=\box58
\fn@width=\dimen180
) (/Users/sweston2/Library/TinyTeX/texmf-dist/tex/latex/graphics/graphicx.sty
Package: graphicx 2020/12/05 v1.2c Enhanced LaTeX Graphics (DPC,SPQR)
(/Users/sweston2/Library/TinyTeX/texmf-dist/tex/latex/graphics/graphics.sty
Package: graphics 2021/03/04 v1.4d Standard LaTeX Graphics (DPC,SPQR)
(/Users/sweston2/Library/TinyTeX/texmf-dist/tex/latex/graphics/trig.sty
Package: trig 2016/01/03 v1.10 sin cos tan (DPC)
)
(/Users/sweston2/Library/TinyTeX/texmf-dist/tex/latex/graphics-cfg/graphics.cfg
File: graphics.cfg 2016/06/04 v1.11 sample graphics configuration
)
Package graphics Info: Driver file: pdftex.def on input line 107.
)
\Gin@req@height=\dimen181
\Gin@req@width=\dimen182
) (/Users/sweston2/Library/TinyTeX/texmf-dist/tex/latex/tools/array.sty
Package: array 2021/04/20 v2.5e Tabular extension package (FMi)
\col@sep=\dimen183
\ar@mcellbox=\box59
\extrarowheight=\dimen184
\NC@list=\toks26
\extratabsurround=\skip61
\backup@length=\skip62
\ar@cellbox=\box60
) (/Users/sweston2/Library/TinyTeX/texmf-dist/tex/latex/multirow/multirow.sty
Package: multirow 2021/03/15 v2.8 Span multiple rows of a table
\multirow@colwidth=\skip63
\multirow@cntb=\count297
\multirow@dima=\skip64
\bigstrutjot=\dimen185
) (/Users/sweston2/Library/TinyTeX/texmf-dist/tex/latex/wrapfig/wrapfig.sty
\wrapoverhang=\dimen186
\WF@size=\dimen187
\c@WF@wrappedlines=\count298
\WF@box=\box61
\WF@everypar=\toks27
Package: wrapfig 2003/01/31  v 3.6
) (/Users/sweston2/Library/TinyTeX/texmf-dist/tex/latex/float/float.sty
Package: float 2001/11/08 v1.3d Float enhancements (AL)
\c@float@type=\count299
\float@exts=\toks28
\float@box=\box62
\@float@everytoks=\toks29
\@floatcapt=\box63
) (/Users/sweston2/Library/TinyTeX/texmf-dist/tex/latex/colortbl/colortbl.sty
Package: colortbl 2020/01/04 v1.0e Color table columns (DPC)
\everycr=\toks30
\minrowclearance=\skip65
) (/Users/sweston2/Library/TinyTeX/texmf-dist/tex/latex/pdflscape/pdflscape.sty
Package: pdflscape 2019/12/05 v0.12 Display of landscape pages in PDF (HO)
(/Users/sweston2/Library/TinyTeX/texmf-dist/tex/latex/graphics/lscape.sty
Package: lscape 2020/05/28 v3.02 Landscape Pages (DPC)
)
Package pdflscape Info: Auto-detected driver: pdftex on input line 81.
) (/Users/sweston2/Library/TinyTeX/texmf-dist/tex/latex/tabu/tabu.sty
Package: tabu 2019/01/11 v2.9 - flexible LaTeX tabulars (FC+tabu-fixed)
(/Users/sweston2/Library/TinyTeX/texmf-dist/tex/latex/varwidth/varwidth.sty
Package: varwidth 2009/03/30 ver 0.92;  Variable-width minipages
\@vwid@box=\box64
\sift@deathcycles=\count300
\@vwid@loff=\dimen188
\@vwid@roff=\dimen189
)
\c@taburow=\count301
\tabu@nbcols=\count302
\tabu@cnt=\count303
\tabu@Xcol=\count304
\tabu@alloc=\count305
\tabu@nested=\count306
\tabu@target=\dimen190
\tabu@spreadtarget=\dimen191
\tabu@naturalX=\dimen192
\tabucolX=\dimen193
\tabu@Xsum=\dimen194
\extrarowdepth=\dimen195
\abovetabulinesep=\dimen196
\belowtabulinesep=\dimen197
\tabustrutrule=\dimen198
\tabu@thebody=\toks31
\tabu@footnotes=\toks32
\tabu@box=\box65
\tabu@arstrutbox=\box66
\tabu@hleads=\box67
\tabu@vleads=\box68
\tabu@cellskip=\skip66
)
(/Users/sweston2/Library/TinyTeX/texmf-dist/tex/latex/threeparttable/threepartt
able.sty
Package: threeparttable 2003/06/13  v 3.0
\@tempboxb=\box69
)
(/Users/sweston2/Library/TinyTeX/texmf-dist/tex/latex/threeparttablex/threepart
tablex.sty
Package: threeparttablex 2013/07/23 v0.3 by daleif
(/Users/sweston2/Library/TinyTeX/texmf-dist/tex/latex/environ/environ.sty
Package: environ 2014/05/04 v0.3 A new way to define environments

(/Users/sweston2/Library/TinyTeX/texmf-dist/tex/latex/trimspaces/trimspaces.sty
Package: trimspaces 2009/09/17 v1.1 Trim spaces around a token list
))
\TPTL@width=\skip67
) (/Users/sweston2/Library/TinyTeX/texmf-dist/tex/generic/ulem/ulem.sty
\UL@box=\box70
\UL@hyphenbox=\box71
\UL@skip=\skip68
\UL@hook=\toks33
\UL@height=\dimen199
\UL@pe=\count307
\UL@pixel=\dimen256
\ULC@box=\box72
Package: ulem 2019/11/18
\ULdepth=\dimen257
) (/Users/sweston2/Library/TinyTeX/texmf-dist/tex/latex/makecell/makecell.sty
Package: makecell 2009/08/03 V0.1e Managing of Tab Column Heads and Cells
\rotheadsize=\dimen258
\c@nlinenum=\count308
\TeXr@lab=\toks34
)
\cslhangindent=\skip69
\csllabelwidth=\skip70

(/Users/sweston2/Library/TinyTeX/texmf-dist/tex/latex/l3backend/l3backend-pdfte
x.def
File: l3backend-pdftex.def 2021-08-04 L3 backend support: PDF output (pdfTeX)
\l__color_backend_stack_int=\count309
\l__pdf_internal_box=\box73
) (./notebook_allcode.aux

LaTeX Warning: Label `tab:unnamed-chunk-1' multiply defined.


LaTeX Warning: Label `tab:unnamed-chunk-1' multiply defined.


LaTeX Warning: Label `tab:unnamed-chunk-1' multiply defined.

)
\openout1 = `notebook_allcode.aux'.

LaTeX Font Info:    Checking defaults for OML/cmm/m/it on input line 154.
LaTeX Font Info:    ... okay on input line 154.
LaTeX Font Info:    Checking defaults for OMS/cmsy/m/n on input line 154.
LaTeX Font Info:    ... okay on input line 154.
LaTeX Font Info:    Checking defaults for OT1/cmr/m/n on input line 154.
LaTeX Font Info:    ... okay on input line 154.
LaTeX Font Info:    Checking defaults for T1/cmr/m/n on input line 154.
LaTeX Font Info:    ... okay on input line 154.
LaTeX Font Info:    Checking defaults for TS1/cmr/m/n on input line 154.
LaTeX Font Info:    ... okay on input line 154.
LaTeX Font Info:    Checking defaults for OMX/cmex/m/n on input line 154.
LaTeX Font Info:    ... okay on input line 154.
LaTeX Font Info:    Checking defaults for U/cmr/m/n on input line 154.
LaTeX Font Info:    ... okay on input line 154.
LaTeX Font Info:    Checking defaults for PD1/pdf/m/n on input line 154.
LaTeX Font Info:    ... okay on input line 154.
LaTeX Font Info:    Checking defaults for PU/pdf/m/n on input line 154.
LaTeX Font Info:    ... okay on input line 154.

(/Users/sweston2/Library/TinyTeX/texmf-dist/tex/latex/epstopdf-pkg/epstopdf-bas
e.sty
Package: epstopdf-base 2020-01-24 v2.11 Base part for package epstopdf
Package epstopdf-base Info: Redefining graphics rule for `.eps' on input line 4
85.

(/Users/sweston2/Library/TinyTeX/texmf-dist/tex/latex/latexconfig/epstopdf-sys.
cfg
File: epstopdf-sys.cfg 2010/07/13 v1.3 Configuration of (r)epstopdf for TeX Liv
e
))
Package hyperref Info: Link coloring OFF on input line 154.
(/Users/sweston2/Library/TinyTeX/texmf-dist/tex/latex/hyperref/nameref.sty
Package: nameref 2021-04-02 v2.47 Cross-referencing by name of section
(/Users/sweston2/Library/TinyTeX/texmf-dist/tex/latex/refcount/refcount.sty
Package: refcount 2019/12/15 v3.6 Data extraction from label references (HO)
)
(/Users/sweston2/Library/TinyTeX/texmf-dist/tex/generic/gettitlestring/gettitle
string.sty
Package: gettitlestring 2019/12/15 v1.6 Cleanup title references (HO)
)
\c@section@level=\count310
)
LaTeX Info: Redefining \ref on input line 154.
LaTeX Info: Redefining \pageref on input line 154.
LaTeX Info: Redefining \nameref on input line 154.
(./notebook_allcode.out) (./notebook_allcode.out)
\@outlinefile=\write4
\openout4 = `notebook_allcode.out'.

*geometry* driver: auto-detecting
*geometry* detected driver: pdftex
*geometry* verbose mode - [ preamble ] result:
* driver: pdftex
* paper: <default>
* layout: <same size as paper>
* layoutoffset:(h,v)=(0.0pt,0.0pt)
* modes: 
* h-part:(L,W,R)=(72.26999pt, 469.75502pt, 72.26999pt)
* v-part:(T,H,B)=(72.26999pt, 650.43001pt, 72.26999pt)
* \paperwidth=614.295pt
* \paperheight=794.96999pt
* \textwidth=469.75502pt
* \textheight=650.43001pt
* \oddsidemargin=0.0pt
* \evensidemargin=0.0pt
* \topmargin=-37.0pt
* \headheight=12.0pt
* \headsep=25.0pt
* \topskip=10.0pt
* \footskip=30.0pt
* \marginparwidth=65.0pt
* \marginparsep=11.0pt
* \columnsep=10.0pt
* \skip\footins=9.0pt plus 4.0pt minus 2.0pt
* \hoffset=0.0pt
* \voffset=0.0pt
* \mag=1000
* \@twocolumnfalse
* \@twosidefalse
* \@mparswitchfalse
* \@reversemarginfalse
* (1in=72.27pt=25.4mm, 1cm=28.453pt)

LaTeX Font Info:    Trying to load font information for OT1+lmr on input line 1
56.
(/Users/sweston2/Library/TinyTeX/texmf-dist/tex/latex/lm/ot1lmr.fd
File: ot1lmr.fd 2015/05/01 v1.6.1 Font defs for Latin Modern
)
LaTeX Font Info:    Trying to load font information for OML+lmm on input line 1
56.
(/Users/sweston2/Library/TinyTeX/texmf-dist/tex/latex/lm/omllmm.fd
File: omllmm.fd 2015/05/01 v1.6.1 Font defs for Latin Modern
)
LaTeX Font Info:    Trying to load font information for OMS+lmsy on input line 
156.
(/Users/sweston2/Library/TinyTeX/texmf-dist/tex/latex/lm/omslmsy.fd
File: omslmsy.fd 2015/05/01 v1.6.1 Font defs for Latin Modern
)
LaTeX Font Info:    Trying to load font information for OMX+lmex on input line 
156.
(/Users/sweston2/Library/TinyTeX/texmf-dist/tex/latex/lm/omxlmex.fd
File: omxlmex.fd 2015/05/01 v1.6.1 Font defs for Latin Modern
)
LaTeX Font Info:    External font `lmex10' loaded for size
(Font)              <12> on input line 156.
LaTeX Font Info:    External font `lmex10' loaded for size
(Font)              <8> on input line 156.
LaTeX Font Info:    External font `lmex10' loaded for size
(Font)              <6> on input line 156.
LaTeX Font Info:    Trying to load font information for U+msa on input line 156
.
(/Users/sweston2/Library/TinyTeX/texmf-dist/tex/latex/amsfonts/umsa.fd
File: umsa.fd 2013/01/14 v3.01 AMS symbols A
)
LaTeX Font Info:    Trying to load font information for U+msb on input line 156
.
(/Users/sweston2/Library/TinyTeX/texmf-dist/tex/latex/amsfonts/umsb.fd
File: umsb.fd 2013/01/14 v3.01 AMS symbols B
) (./notebook_allcode.toc
LaTeX Font Info:    External font `lmex10' loaded for size
(Font)              <10> on input line 3.
LaTeX Font Info:    External font `lmex10' loaded for size
(Font)              <7> on input line 3.
LaTeX Font Info:    External font `lmex10' loaded for size
(Font)              <5> on input line 3.
)
\tf@toc=\write5
\openout5 = `notebook_allcode.toc'.

[1

{/Users/sweston2/Library/TinyTeX/texmf-var/fonts/map/pdftex/updmap/pdftex.map}]

LaTeX Warning: Reference `tab:notebook1' on page 2 undefined on input line 165.



Overfull \hbox (32.4556pt too wide) in alignment at lines 167--172
 [] [] [] 
 []


Overfull \hbox (32.4556pt too wide) in alignment at lines 172--177
 [] [] [] 
 []


Overfull \hbox (32.4556pt too wide) in alignment at lines 177--179
 [] [] [] 
 []


Overfull \hbox (32.4556pt too wide) in alignment at lines 179--181
 [] [] [] 
 []


Overfull \hbox (32.4556pt too wide) in alignment at lines 181--557
 [] [] [] 
 []

[2] [3] [4] [5]
LaTeX Font Info:    Trying to load font information for T1+lmtt on input line 5
65.
(/Users/sweston2/Library/TinyTeX/texmf-dist/tex/latex/lm/t1lmtt.fd
File: t1lmtt.fd 2015/05/01 v1.6.1 Font defs for Latin Modern
) [6]
LaTeX Font Info:    Font shape `T1/lmtt/bx/n' in size <10> not available
(Font)              Font shape `T1/lmtt/b/n' tried instead on input line 690.
[7] [8] [9] [10] [11] [12

] [13]
<notebook_allcode_files/figure-latex/dist-1.pdf, id=159, 459.7175pt x 308.15125
pt>
File: notebook_allcode_files/figure-latex/dist-1.pdf Graphic file (type pdf)
<use notebook_allcode_files/figure-latex/dist-1.pdf>
Package pdftex.def Info: notebook_allcode_files/figure-latex/dist-1.pdf  used o
n input line 1004.
(pdftex.def)             Requested size: 459.74442pt x 308.16928pt.
[14

] [15pdfTeX warning (ext4): destination with the same identifier (name{figure.1
}) has been already used, duplicate ignored
<argument> ...shipout:D \box_use:N \l_shipout_box 
                                                  \__shipout_drop_firstpage_...
l.1055 \end{Shaded}
                    <./notebook_allcode_files/figure-latex/dist-1.pdf>]
<notebook_allcode_files/figure-latex/notebook16-1.pdf, id=179, 703.62875pt x 64
6.415pt>
File: notebook_allcode_files/figure-latex/notebook16-1.pdf Graphic file (type p
df)
<use notebook_allcode_files/figure-latex/notebook16-1.pdf>
Package pdftex.def Info: notebook_allcode_files/figure-latex/notebook16-1.pdf  
used on input line 1071.
(pdftex.def)             Requested size: 469.75392pt x 431.5571pt.
<notebook_allcode_files/figure-latex/notebook17-1.pdf, id=180, 703.62875pt x 64
6.415pt>
File: notebook_allcode_files/figure-latex/notebook17-1.pdf Graphic file (type p
df)
<use notebook_allcode_files/figure-latex/notebook17-1.pdf>
Package pdftex.def Info: notebook_allcode_files/figure-latex/notebook17-1.pdf  
used on input line 1089.
(pdftex.def)             Requested size: 469.75392pt x 431.5571pt.
[16] [17pdfTeX warning (ext4): destination with the same identifier (name{figur
e.2}) has been already used, duplicate ignored
<argument> ...shipout:D \box_use:N \l_shipout_box 
                                                  \__shipout_drop_firstpage_...
l.1093 \newpage
                <./notebook_allcode_files/figure-latex/notebook16-1.pdf>] [18pd
fTeX warning (ext4): destination with the same identifier (name{figure.3}) has 
been already used, duplicate ignored
<argument> ...shipout:D \box_use:N \l_shipout_box 
                                                  \__shipout_drop_firstpage_...
l.1093 \newpage
                <./notebook_allcode_files/figure-latex/notebook17-1.pdf>]
LaTeX Font Info:    Trying to load font information for TS1+lmtt on input line 
1113.
(/Users/sweston2/Library/TinyTeX/texmf-dist/tex/latex/lm/ts1lmtt.fd
File: ts1lmtt.fd 2015/05/01 v1.6.1 Font defs for Latin Modern
) [19]
Underfull \vbox (badness 10000) detected at line 1258
 []


Underfull \vbox (badness 10000) detected at line 1258
 []

[20] [21]
<notebook_allcode_files/figure-latex/notebook22-1.pdf, id=235, 463.7325pt x 314
.17375pt>
File: notebook_allcode_files/figure-latex/notebook22-1.pdf Graphic file (type p
df)
<use notebook_allcode_files/figure-latex/notebook22-1.pdf>
Package pdftex.def Info: notebook_allcode_files/figure-latex/notebook22-1.pdf  
used on input line 1308.
(pdftex.def)             Requested size: 463.73842pt x 314.17776pt.
[22] [23pdfTeX warning (ext4): destination with the same identifier (name{figur
e.4}) has been already used, duplicate ignored
<argument> ...shipout:D \box_use:N \l_shipout_box 
                                                  \__shipout_drop_firstpage_...
l.1376 
        <./notebook_allcode_files/figure-latex/notebook22-1.pdf>] [24pdfTeX war
ning (ext4): destination with the same identifier (name{table.3}) has been alre
ady used, duplicate ignored
<argument> ...shipout:D \box_use:N \l_shipout_box 
                                                  \__shipout_drop_firstpage_...
l.1376 
       ]
<notebook_allcode_files/figure-latex/notebook24-1.pdf, id=262, 458.71375pt x 31
4.17375pt>
File: notebook_allcode_files/figure-latex/notebook24-1.pdf Graphic file (type p
df)
<use notebook_allcode_files/figure-latex/notebook24-1.pdf>
Package pdftex.def Info: notebook_allcode_files/figure-latex/notebook24-1.pdf  
used on input line 1403.
(pdftex.def)             Requested size: 458.73363pt x 314.18735pt.
[25] [26pdfTeX warning (ext4): destination with the same identifier (name{figur
e.5}) has been already used, duplicate ignored
<argument> ...shipout:D \box_use:N \l_shipout_box 
                                                  \__shipout_drop_firstpage_...
l.1528 \end{Shaded}
                    <./notebook_allcode_files/figure-latex/notebook24-1.pdf>] [
27pdfTeX warning (ext4): destination with the same identifier (name{table.4}) h
as been already used, duplicate ignored
<argument> ...shipout:D \box_use:N \l_shipout_box 
                                                  \__shipout_drop_firstpage_...
l.1528 \end{Shaded}
                   ]
<notebook_allcode_files/figure-latex/notebook25-1.pdf, id=288, 569.12625pt x 28
1.05pt>
File: notebook_allcode_files/figure-latex/notebook25-1.pdf Graphic file (type p
df)
<use notebook_allcode_files/figure-latex/notebook25-1.pdf>
Package pdftex.def Info: notebook_allcode_files/figure-latex/notebook25-1.pdf  
used on input line 1532.
(pdftex.def)             Requested size: 469.7781pt x 231.98917pt.
[28]
Underfull \vbox (badness 10000) detected at line 1583
 []


Underfull \vbox (badness 10000) detected at line 1583
 []

[29pdfTeX warning (ext4): destination with the same identifier (name{figure.6})
 has been already used, duplicate ignored
<argument> ...shipout:D \box_use:N \l_shipout_box 
                                                  \__shipout_drop_firstpage_...
l.1583 \end{Shaded}
                    <./notebook_allcode_files/figure-latex/notebook25-1.pdf>]
Overfull \hbox (228.49295pt too wide) in paragraph at lines 1587--1587
[]\T1/lmtt/m/n/10 ## Joining, by = c("trait_name", "model", "term", "estimate",
 "std.error", "statistic", "p.value", "conf.low", "conf.high", "gender")[] 
 []


Overfull \hbox (60.04996pt too wide) in alignment at lines 1609--1721
 [] [] [] [] [] [] [] 
 []

[30] [31] [32]
<notebook_allcode_files/figure-latex/notebook27-1.pdf, id=329, 463.7325pt x 314
.17375pt>
File: notebook_allcode_files/figure-latex/notebook27-1.pdf Graphic file (type p
df)
<use notebook_allcode_files/figure-latex/notebook27-1.pdf>
Package pdftex.def Info: notebook_allcode_files/figure-latex/notebook27-1.pdf  
used on input line 1760.
(pdftex.def)             Requested size: 463.73842pt x 314.17776pt.
[33pdfTeX warning (ext4): destination with the same identifier (name{figure.7})
 has been already used, duplicate ignored
<argument> ...shipout:D \box_use:N \l_shipout_box 
                                                  \__shipout_drop_firstpage_...
l.1794 
        <./notebook_allcode_files/figure-latex/notebook27-1.pdf>]
<notebook_allcode_files/figure-latex/femaleIntPlot-1.pdf, id=344, 457.71pt x 31
6.18124pt>
File: notebook_allcode_files/figure-latex/femaleIntPlot-1.pdf Graphic file (typ
e pdf)
<use notebook_allcode_files/figure-latex/femaleIntPlot-1.pdf>
Package pdftex.def Info: notebook_allcode_files/figure-latex/femaleIntPlot-1.pd
f  used on input line 1810.
(pdftex.def)             Requested size: 457.72984pt x 316.19493pt.
[34pdfTeX warning (ext4): destination with the same identifier (name{table.6}) 
has been already used, duplicate ignored
<argument> ...shipout:D \box_use:N \l_shipout_box 
                                                  \__shipout_drop_firstpage_...
l.1817 \begin{Shaded}
                     pdfTeX warning (ext4): destination with the same identifie
r (name{figure.8}) has been already used, duplicate ignored
<argument> ...shipout:D \box_use:N \l_shipout_box 
                                                  \__shipout_drop_firstpage_...
l.1817 \begin{Shaded}
                      <./notebook_allcode_files/figure-latex/femaleIntPlot-1.pd
f>]
<notebook_allcode_files/figure-latex/notebook29-1.pdf, id=363, 463.7325pt x 314
.17375pt>
File: notebook_allcode_files/figure-latex/notebook29-1.pdf Graphic file (type p
df)
<use notebook_allcode_files/figure-latex/notebook29-1.pdf>
Package pdftex.def Info: notebook_allcode_files/figure-latex/notebook29-1.pdf  
used on input line 1881.
(pdftex.def)             Requested size: 463.73842pt x 314.17776pt.
[35pdfTeX warning (ext4): destination with the same identifier (name{table.7}) 
has been already used, duplicate ignored
<argument> ...shipout:D \box_use:N \l_shipout_box 
                                                  \__shipout_drop_firstpage_...
l.1885 \begin{Shaded}
                     ] [36pdfTeX warning (ext4): destination with the same iden
tifier (name{figure.9}) has been already used, duplicate ignored
<argument> ...shipout:D \box_use:N \l_shipout_box 
                                                  \__shipout_drop_firstpage_...
l.1885 \begin{Shaded}
                      <./notebook_allcode_files/figure-latex/notebook29-1.pdf>]
<notebook_allcode_files/figure-latex/maleIntPlot-1.pdf, id=382, 466.74374pt x 3
19.1925pt>
File: notebook_allcode_files/figure-latex/maleIntPlot-1.pdf Graphic file (type 
pdf)
<use notebook_allcode_files/figure-latex/maleIntPlot-1.pdf>
Package pdftex.def Info: notebook_allcode_files/figure-latex/maleIntPlot-1.pdf 
 used on input line 1919.
(pdftex.def)             Requested size: 466.7426pt x 319.19171pt.
[37] [38pdfTeX warning (ext4): destination with the same identifier (name{figur
e.10}) has been already used, duplicate ignored
<argument> ...shipout:D \box_use:N \l_shipout_box 
                                                  \__shipout_drop_firstpage_...
l.1923 \newpage
                <./notebook_allcode_files/figure-latex/maleIntPlot-1.pdf>] [39]

Underfull \vbox (badness 10000) detected at line 2053
 []


Underfull \vbox (badness 10000) detected at line 2053
 []

[40]
<notebook_allcode_files/figure-latex/notebook34-1.pdf, id=411, 463.7325pt x 315
.1775pt>
File: notebook_allcode_files/figure-latex/notebook34-1.pdf Graphic file (type p
df)
<use notebook_allcode_files/figure-latex/notebook34-1.pdf>
Package pdftex.def Info: notebook_allcode_files/figure-latex/notebook34-1.pdf  
used on input line 2067.
(pdftex.def)             Requested size: 463.73842pt x 315.18153pt.
<notebook_allcode_files/figure-latex/notebook36-1.pdf, id=413, 463.7325pt x 315
.1775pt>
File: notebook_allcode_files/figure-latex/notebook36-1.pdf Graphic file (type p
df)
<use notebook_allcode_files/figure-latex/notebook36-1.pdf>
Package pdftex.def Info: notebook_allcode_files/figure-latex/notebook36-1.pdf  
used on input line 2078.
(pdftex.def)             Requested size: 463.73842pt x 315.18153pt.
[41] [42pdfTeX warning (ext4): destination with the same identifier (name{figur
e.11}) has been already used, duplicate ignored
<argument> ...shipout:D \box_use:N \l_shipout_box 
                                                  \__shipout_drop_firstpage_...
l.2082 \newpage
                <./notebook_allcode_files/figure-latex/notebook34-1.pdf>] [43pd
fTeX warning (ext4): destination with the same identifier (name{figure.12}) has
 been already used, duplicate ignored
<argument> ...shipout:D \box_use:N \l_shipout_box 
                                                  \__shipout_drop_firstpage_...
l.2082 \newpage
                <./notebook_allcode_files/figure-latex/notebook36-1.pdf>]
<notebook_allcode_files/figure-latex/notebook38-1.pdf, id=451, 459.7175pt x 307
.1475pt>
File: notebook_allcode_files/figure-latex/notebook38-1.pdf Graphic file (type p
df)
<use notebook_allcode_files/figure-latex/notebook38-1.pdf>
Package pdftex.def Info: notebook_allcode_files/figure-latex/notebook38-1.pdf  
used on input line 2094.
(pdftex.def)             Requested size: 459.74442pt x 307.16548pt.

LaTeX Warning: Reference `fig:notebook42' on page 44 undefined on input line 21
50.

<notebook_allcode_files/figure-latex/notebook42-1.pdf, id=453, 459.7175pt x 106
5.9825pt>
File: notebook_allcode_files/figure-latex/notebook42-1.pdf Graphic file (type p
df)
<use notebook_allcode_files/figure-latex/notebook42-1.pdf>
Package pdftex.def Info: notebook_allcode_files/figure-latex/notebook42-1.pdf  
used on input line 2152.
(pdftex.def)             Requested size: 280.51143pt x 650.44357pt.
[44pdfTeX warning (ext4): destination with the same identifier (name{figure.13}
) has been already used, duplicate ignored
<argument> ...shipout:D \box_use:N \l_shipout_box 
                                                  \__shipout_drop_firstpage_...
l.2201 \end{table}
                   <./notebook_allcode_files/figure-latex/notebook38-1.pdf>] [4
5pdfTeX warning (ext4): destination with the same identifier (name{table.8}) ha
s been already used, duplicate ignored
<argument> ...shipout:D \box_use:N \l_shipout_box 
                                                  \__shipout_drop_firstpage_...
l.2201 \end{table}
                  ] [46 <./notebook_allcode_files/figure-latex/notebook42-1.pdf
>] [47pdfTeX warning (ext4): destination with the same identifier (name{table.9
}) has been already used, duplicate ignored
<argument> ...shipout:D \box_use:N \l_shipout_box 
                                                  \__shipout_drop_firstpage_...
l.2201 \end{table}
                  ]
<notebook_allcode_files/figure-latex/notebook45-1.pdf, id=493, 463.7325pt x 315
.1775pt>
File: notebook_allcode_files/figure-latex/notebook45-1.pdf Graphic file (type p
df)
<use notebook_allcode_files/figure-latex/notebook45-1.pdf>
Package pdftex.def Info: notebook_allcode_files/figure-latex/notebook45-1.pdf  
used on input line 2221.
(pdftex.def)             Requested size: 463.73842pt x 315.18153pt.
<notebook_allcode_files/figure-latex/notebook47-1.pdf, id=495, 463.7325pt x 315
.1775pt>
File: notebook_allcode_files/figure-latex/notebook47-1.pdf Graphic file (type p
df)
<use notebook_allcode_files/figure-latex/notebook47-1.pdf>
Package pdftex.def Info: notebook_allcode_files/figure-latex/notebook47-1.pdf  
used on input line 2234.
(pdftex.def)             Requested size: 463.73842pt x 315.18153pt.
[48pdfTeX warning (ext4): destination with the same identifier (name{figure.14}
) has been already used, duplicate ignored
<argument> ...shipout:D \box_use:N \l_shipout_box 
                                                  \__shipout_drop_firstpage_...
l.2238 \newpage
                <./notebook_allcode_files/figure-latex/notebook45-1.pdf>] [49pd
fTeX warning (ext4): destination with the same identifier (name{figure.15}) has
 been already used, duplicate ignored
<argument> ...shipout:D \box_use:N \l_shipout_box 
                                                  \__shipout_drop_firstpage_...
l.2238 \newpage
                <./notebook_allcode_files/figure-latex/notebook47-1.pdf>] [50]
Underfull \vbox (badness 1005) detected at line 2385
 []

[51] [52]
<notebook_allcode_files/figure-latex/notebook54-1.pdf, id=543, 712.6625pt x 491
.8375pt>
File: notebook_allcode_files/figure-latex/notebook54-1.pdf Graphic file (type p
df)
<use notebook_allcode_files/figure-latex/notebook54-1.pdf>
Package pdftex.def Info: notebook_allcode_files/figure-latex/notebook54-1.pdf  
used on input line 2443.
(pdftex.def)             Requested size: 469.74974pt x 324.19347pt.

LaTeX Warning: Reference `fimputesig' on page 53 undefined on input line 2450.

<notebook_allcode_files/figure-latex/notebook56-1.pdf, id=544, 712.6625pt x 475
.7775pt>
File: notebook_allcode_files/figure-latex/notebook56-1.pdf Graphic file (type p
df)
<use notebook_allcode_files/figure-latex/notebook56-1.pdf>
Package pdftex.def Info: notebook_allcode_files/figure-latex/notebook56-1.pdf  
used on input line 2454.
(pdftex.def)             Requested size: 469.74974pt x 313.60756pt.
<notebook_allcode_files/figure-latex/notebook57-1.pdf, id=546, 716.6775pt x 480
.79625pt>
File: notebook_allcode_files/figure-latex/notebook57-1.pdf Graphic file (type p
df)
<use notebook_allcode_files/figure-latex/notebook57-1.pdf>
Package pdftex.def Info: notebook_allcode_files/figure-latex/notebook57-1.pdf  
used on input line 2464.
(pdftex.def)             Requested size: 469.76074pt x 315.1476pt.
[53pdfTeX warning (ext4): destination with the same identifier (name{table.10})
 has been already used, duplicate ignored
<argument> ...shipout:D \box_use:N \l_shipout_box 
                                                  \__shipout_drop_firstpage_...
l.2474 
       ] [54pdfTeX warning (ext4): destination with the same identifier (name{f
igure.16}) has been already used, duplicate ignored
<argument> ...shipout:D \box_use:N \l_shipout_box 
                                                  \__shipout_drop_firstpage_...
l.2474 
        <./notebook_allcode_files/figure-latex/notebook54-1.pdf>] [55pdfTeX war
ning (ext4): destination with the same identifier (name{figure.17}) has been al
ready used, duplicate ignored
<argument> ...shipout:D \box_use:N \l_shipout_box 
                                                  \__shipout_drop_firstpage_...
l.2474 
        <./notebook_allcode_files/figure-latex/notebook56-1.pdf>] [56pdfTeX war
ning (ext4): destination with the same identifier (name{figure.18}) has been al
ready used, duplicate ignored
<argument> ...shipout:D \box_use:N \l_shipout_box 
                                                  \__shipout_drop_firstpage_...
l.2474 
        <./notebook_allcode_files/figure-latex/notebook57-1.pdf>]
<notebook_allcode_files/figure-latex/notebook58-1.pdf, id=599, 712.6625pt x 480
.79625pt>
File: notebook_allcode_files/figure-latex/notebook58-1.pdf Graphic file (type p
df)
<use notebook_allcode_files/figure-latex/notebook58-1.pdf>
Package pdftex.def Info: notebook_allcode_files/figure-latex/notebook58-1.pdf  
used on input line 2477.
(pdftex.def)             Requested size: 469.74974pt x 316.91565pt.
<notebook_allcode_files/figure-latex/notebook59-1.pdf, id=601, 716.6775pt x 480
.79625pt>
File: notebook_allcode_files/figure-latex/notebook59-1.pdf Graphic file (type p
df)
<use notebook_allcode_files/figure-latex/notebook59-1.pdf>
Package pdftex.def Info: notebook_allcode_files/figure-latex/notebook59-1.pdf  
used on input line 2487.
(pdftex.def)             Requested size: 469.76074pt x 315.1476pt.
[57pdfTeX warning (ext4): destination with the same identifier (name{figure.19}
) has been already used, duplicate ignored
<argument> ...shipout:D \box_use:N \l_shipout_box 
                                                  \__shipout_drop_firstpage_...
l.2504 \end{document}
                      <./notebook_allcode_files/figure-latex/notebook58-1.pdf>]
[58pdfTeX warning (ext4): destination with the same identifier (name{figure.20}
) has been already used, duplicate ignored
<argument> ...shipout:D \box_use:N \l_shipout_box 
                                                  \__shipout_drop_firstpage_...
l.2504 \end{document}
                      <./notebook_allcode_files/figure-latex/notebook59-1.pdf>]
(./notebook_allcode.aux)

LaTeX Warning: There were undefined references.


LaTeX Warning: There were multiply-defined labels.

Package rerunfilecheck Info: File `notebook_allcode.out' has not changed.
(rerunfilecheck)             Checksum: 2F3E93BC031BDF57CE7330191DCF0CB0;2965.
 ) 
Here is how much of TeX's memory you used:
 12948 strings out of 480559
 194471 string characters out of 5902367
 577410 words of memory out of 5000000
 30134 multiletter control sequences out of 15000+600000
 454347 words of font info for 71 fonts, out of 8000000 for 9000
 14 hyphenation exceptions out of 8191
 60i,12n,66p,758b,468s stack positions out of 5000i,500n,10000p,200000b,80000s
{/Users/sweston2/Library/TinyTeX/texmf-dist/fonts/enc/dvips/lm/lm-ts1.enc}{/U
sers/sweston2/Library/TinyTeX/texmf-dist/fonts/enc/dvips/lm/lm-mathsy.enc}{/Use
rs/sweston2/Library/TinyTeX/texmf-dist/fonts/enc/dvips/lm/lm-rm.enc}{/Users/swe
ston2/Library/TinyTeX/texmf-dist/fonts/enc/dvips/lm/lm-mathit.enc}{/Users/swest
on2/Library/TinyTeX/texmf-dist/fonts/enc/dvips/lm/lm-ec.enc}</Users/sweston2/Li
brary/TinyTeX/texmf-dist/fonts/type1/public/lm/lmbx10.pfb></Users/sweston2/Libr
ary/TinyTeX/texmf-dist/fonts/type1/public/lm/lmbx12.pfb></Users/sweston2/Librar
y/TinyTeX/texmf-dist/fonts/type1/public/lm/lmmi10.pfb></Users/sweston2/Library/
TinyTeX/texmf-dist/fonts/type1/public/lm/lmmi7.pfb></Users/sweston2/Library/Tin
yTeX/texmf-dist/fonts/type1/public/lm/lmr10.pfb></Users/sweston2/Library/TinyTe
X/texmf-dist/fonts/type1/public/lm/lmr17.pfb></Users/sweston2/Library/TinyTeX/t
exmf-dist/fonts/type1/public/lm/lmr7.pfb></Users/sweston2/Library/TinyTeX/texmf
-dist/fonts/type1/public/lm/lmri10.pfb></Users/sweston2/Library/TinyTeX/texmf-d
ist/fonts/type1/public/lm/lmsy10.pfb></Users/sweston2/Library/TinyTeX/texmf-dis
t/fonts/type1/public/lm/lmtk10.pfb></Users/sweston2/Library/TinyTeX/texmf-dist/
fonts/type1/public/lm/lmtt10.pfb></Users/sweston2/Library/TinyTeX/texmf-dist/fo
nts/type1/public/lm/lmtti10.pfb>
Output written on notebook_allcode.pdf (58 pages, 707336 bytes).
PDF statistics:
 733 PDF objects out of 1000 (max. 8388607)
 578 compressed objects within 6 object streams
 156 named destinations out of 1000 (max. 500000)
 234 words of extra memory for PDF output out of 10000 (max. 10000000)

